18:59:23.718 [main] INFO  AlbaApplication - Starting AlbaApplication using Java 21.0.7 on DESKTOP-60CLFDG with PID 1332 (C:\Users\tj\albazone_spring\alba\build\classes\java\main started by tj in C:\Users\tj\albazone_spring\alba)
18:59:23.726 [main] INFO  AlbaApplication - No active profile set, falling back to 1 default profile: "default"
18:59:25.350 [main] INFO  AlbaApplication - Started AlbaApplication in 2.68 seconds (JVM running for 4.624)
19:00:25.809 [main] INFO  sqltiming - SELECT id, pw
        from tbl_user where id = 'd' and pw = 'd'
 {executed in 6 msec}
19:00:47.042 [main] INFO  AlbaApplication - Starting AlbaApplication using Java 21.0.7 on DESKTOP-60CLFDG with PID 17332 (C:\Users\tj\albazone_spring\alba\build\classes\java\main started by tj in C:\Users\tj\albazone_spring\alba)
19:00:47.046 [main] INFO  AlbaApplication - No active profile set, falling back to 1 default profile: "default"
19:00:48.291 [main] INFO  AlbaApplication - Started AlbaApplication in 1.727 seconds (JVM running for 2.678)
19:00:52.388 [main] INFO  sqltiming - SELECT id, pw
        from tbl_user where id = '1' and pw = '1'
 {executed in 5 msec}
19:00:52.412 [main] INFO  sqltiming - SELECT id, pw
        from tbl_user where id = '1' and pw = '1'
 {executed in 6 msec}
19:00:52.417 [main] INFO  sqltiming - SELECT id, pw
        from tbl_user where id = '1' and pw = '1'
 {executed in 5 msec}
19:01:06.346 [main] INFO  AlbaApplication - Starting AlbaApplication using Java 21.0.7 on DESKTOP-60CLFDG with PID 2556 (C:\Users\tj\albazone_spring\alba\build\classes\java\main started by tj in C:\Users\tj\albazone_spring\alba)
19:01:06.349 [main] INFO  AlbaApplication - No active profile set, falling back to 1 default profile: "default"
19:01:07.630 [main] INFO  AlbaApplication - Started AlbaApplication in 1.747 seconds (JVM running for 2.569)
19:01:36.851 [main] INFO  AlbaApplication - Starting AlbaApplication using Java 21.0.7 on DESKTOP-60CLFDG with PID 18428 (C:\Users\tj\albazone_spring\alba\build\classes\java\main started by tj in C:\Users\tj\albazone_spring\alba)
19:01:36.854 [main] INFO  AlbaApplication - No active profile set, falling back to 1 default profile: "default"
19:01:38.050 [main] INFO  AlbaApplication - Started AlbaApplication in 1.78 seconds (JVM running for 2.961)
19:01:42.553 [main] INFO  sqltiming - SELECT id, pw
        from tbl_user where id = '1' and pw = '1'
 {executed in 8 msec}
19:01:42.580 [main] INFO  sqltiming - SELECT id, pw
        from tbl_user where id = '1' and pw = '1'
 {executed in 6 msec}
19:01:42.586 [main] INFO  sqltiming - SELECT id, pw
        from tbl_user where id = '1' and pw = '1'
 {executed in 5 msec}
19:25:55.617 [main] INFO  AlbaApplication - Starting AlbaApplication using Java 21.0.7 on DESKTOP-60CLFDG with PID 4132 (C:\Users\tj\albazone_spring\alba\build\classes\java\main started by tj in C:\Users\tj\albazone_spring\alba)
19:25:55.620 [main] INFO  AlbaApplication - No active profile set, falling back to 1 default profile: "default"
19:25:57.091 [main] INFO  AlbaApplication - Started AlbaApplication in 2.04 seconds (JVM running for 3.928)
19:26:53.392 [main] INFO  sqltiming - SELECT id, pw
        from tbl_user where id = '1' and pw = '1'
 {executed in 5 msec}
19:26:53.416 [main] INFO  sqltiming - SELECT id, pw
        from tbl_user where id = '1' and pw = '1'
 {executed in 4 msec}
19:26:53.421 [main] INFO  sqltiming - SELECT id, pw
        from tbl_user where id = '1' and pw = '1'
 {executed in 4 msec}
19:36:13.410 [main] INFO  AlbaApplication - Starting AlbaApplication using Java 21.0.7 on DESKTOP-60CLFDG with PID 9112 (C:\Users\tj\albazone_spring\alba\build\classes\java\main started by tj in C:\Users\tj\albazone_spring\alba)
19:36:13.413 [main] INFO  AlbaApplication - No active profile set, falling back to 1 default profile: "default"
19:36:14.810 [main] INFO  AlbaApplication - Started AlbaApplication in 1.907 seconds (JVM running for 3.189)
19:36:33.297 [main] INFO  AlbaApplication - Starting AlbaApplication using Java 21.0.7 on DESKTOP-60CLFDG with PID 14656 (C:\Users\tj\albazone_spring\alba\build\classes\java\main started by tj in C:\Users\tj\albazone_spring\alba)
19:36:33.302 [main] INFO  AlbaApplication - No active profile set, falling back to 1 default profile: "default"
19:36:34.542 [main] INFO  AlbaApplication - Started AlbaApplication in 1.719 seconds (JVM running for 2.948)
19:42:57.857 [main] INFO  AlbaApplication - Starting AlbaApplication using Java 21.0.7 on DESKTOP-60CLFDG with PID 11760 (C:\Users\tj\albazone_spring\alba\build\classes\java\main started by tj in C:\Users\tj\albazone_spring\alba)
19:42:57.859 [main] INFO  AlbaApplication - No active profile set, falling back to 1 default profile: "default"
19:42:59.307 [main] INFO  AlbaApplication - Started AlbaApplication in 1.93 seconds (JVM running for 3.837)
19:43:17.546 [main] INFO  sqltiming - insert INTO tbl_user (name, tel, id, pw, area, company_area, company_name, company_number, member_type)
        VALUES
            (NULL, NULL, NULL, NULL, NULL,NULL,NULL, NULL, 0)
 {executed in 6 msec}
19:43:17.546 [main] INFO  sqltiming - getGeneratedKeys on query: insert INTO tbl_user (name, tel, id, pw, area, company_area, company_name, company_number, member_type)
        VALUES
            (NULL, NULL, NULL, NULL, NULL,NULL,NULL, NULL, 0)
 {executed in 0 msec}
19:50:14.574 [main] INFO  AlbaApplication - Starting AlbaApplication using Java 21.0.7 on DESKTOP-60CLFDG with PID 15584 (C:\Users\tj\albazone_spring\alba\build\classes\java\main started by tj in C:\Users\tj\albazone_spring\alba)
19:50:14.577 [main] INFO  AlbaApplication - No active profile set, falling back to 1 default profile: "default"
19:50:15.930 [main] INFO  AlbaApplication - Started AlbaApplication in 1.831 seconds (JVM running for 2.71)
19:50:24.804 [main] INFO  sqltiming - insert INTO tbl_user (name, tel, id, pw, area, company_area, company_name, company_number, member_type)
        VALUES
            ('1', '1', '1', '1', '서울','1','1', '1', 0)
 {executed in 7 msec}
19:50:24.804 [main] INFO  sqltiming - getGeneratedKeys on query: insert INTO tbl_user (name, tel, id, pw, area, company_area, company_name, company_number, member_type)
        VALUES
            ('1', '1', '1', '1', '서울','1','1', '1', 0)
 {executed in 0 msec}
19:54:19.264 [main] INFO  AlbaApplication - Starting AlbaApplication using Java 21.0.7 on DESKTOP-60CLFDG with PID 7144 (C:\Users\tj\albazone_spring\alba\build\classes\java\main started by tj in C:\Users\tj\albazone_spring\alba)
19:54:19.267 [main] INFO  AlbaApplication - No active profile set, falling back to 1 default profile: "default"
19:54:20.486 [main] INFO  AlbaApplication - Started AlbaApplication in 1.66 seconds (JVM running for 2.507)
19:54:28.989 [main] INFO  sqltiming - insert INTO tbl_user (name, tel, id, pw, area, company_area, company_name, company_number, member_type)
        VALUES
            ('2', '2', '2', '2', '인천',NULL,NULL, NULL, 0)
 {executed in 7 msec}
19:54:28.989 [main] INFO  sqltiming - getGeneratedKeys on query: insert INTO tbl_user (name, tel, id, pw, area, company_area, company_name, company_number, member_type)
        VALUES
            ('2', '2', '2', '2', '인천',NULL,NULL, NULL, 0)
 {executed in 0 msec}
19:54:48.173 [main] INFO  sqltiming - SELECT id, pw
        from tbl_user where id = '2' and pw = '2'
 {executed in 5 msec}
19:54:48.188 [main] INFO  sqltiming - SELECT id, pw
        from tbl_user where id = '2' and pw = '2'
 {executed in 5 msec}
19:54:48.192 [main] INFO  sqltiming - SELECT id, pw
        from tbl_user where id = '2' and pw = '2'
 {executed in 4 msec}
19:59:48.246 [main] INFO  AlbaApplication - Starting AlbaApplication using Java 21.0.7 on DESKTOP-60CLFDG with PID 9744 (C:\Users\tj\albazone_spring\alba\build\classes\java\main started by tj in C:\Users\tj\albazone_spring\alba)
19:59:48.249 [main] INFO  AlbaApplication - No active profile set, falling back to 1 default profile: "default"
19:59:49.433 [main] INFO  AlbaApplication - Started AlbaApplication in 1.596 seconds (JVM running for 3.08)
19:59:57.111 [main] INFO  sqltiming - insert INTO tbl_user (name, tel, id, pw, area, company_area, company_name, company_number, member_type)
        VALUES
            ('1', '1', '1', '1', '서울','1','1', '1', 1)
 {executed in 6 msec}
19:59:57.112 [main] INFO  sqltiming - getGeneratedKeys on query: insert INTO tbl_user (name, tel, id, pw, area, company_area, company_name, company_number, member_type)
        VALUES
            ('1', '1', '1', '1', '서울','1','1', '1', 1)
 {executed in 0 msec}
20:00:48.932 [main] INFO  sqltiming - insert INTO tbl_user (name, tel, id, pw, area, company_area, company_name, company_number, member_type)
        VALUES
            ('3', '3', '3', '3', '부산','3','3', '3', 1)
 {executed in 5 msec}
20:00:48.932 [main] INFO  sqltiming - getGeneratedKeys on query: insert INTO tbl_user (name, tel, id, pw, area, company_area, company_name, company_number, member_type)
        VALUES
            ('3', '3', '3', '3', '부산','3','3', '3', 1)
 {executed in 0 msec}
20:00:56.450 [main] INFO  sqltiming - insert INTO tbl_user (name, tel, id, pw, area, company_area, company_name, company_number, member_type)
        VALUES
            ('4', '4', '4', '4', '대전','4','4', '4', 1)
 {executed in 5 msec}
20:00:56.450 [main] INFO  sqltiming - getGeneratedKeys on query: insert INTO tbl_user (name, tel, id, pw, area, company_area, company_name, company_number, member_type)
        VALUES
            ('4', '4', '4', '4', '대전','4','4', '4', 1)
 {executed in 0 msec}
20:03:27.746 [main] INFO  sqltiming - insert INTO tbl_user (name, tel, id, pw, area, company_area, company_name, company_number, member_type)
        VALUES
            ('사업자 회원가입', '010-2222-2222', 'test123', 'test123', '서울','010-1111-2222','상호명 테스트', '010-2222-2222', 1)
 {executed in 6 msec}
20:03:27.746 [main] INFO  sqltiming - getGeneratedKeys on query: insert INTO tbl_user (name, tel, id, pw, area, company_area, company_name, company_number, member_type)
        VALUES
            ('사업자 회원가입', '010-2222-2222', 'test123', 'test123', '서울','010-1111-2222','상호명 테스트', '010-2222-2222', 1)
 {executed in 0 msec}
20:11:50.049 [main] INFO  AlbaApplication - Starting AlbaApplication using Java 21.0.7 on DESKTOP-60CLFDG with PID 8972 (C:\Users\tj\albazone_spring\alba\build\classes\java\main started by tj in C:\Users\tj\albazone_spring\alba)
20:11:50.051 [main] INFO  AlbaApplication - No active profile set, falling back to 1 default profile: "default"
20:11:51.289 [main] INFO  AlbaApplication - Started AlbaApplication in 1.695 seconds (JVM running for 3.19)
20:11:57.250 [main] INFO  sqltiming - SELECT id, pw
        from tbl_user where id = '1' and pw = '1'
 {executed in 5 msec}
20:12:03.058 [main] INFO  AlbaApplication - Starting AlbaApplication using Java 21.0.7 on DESKTOP-60CLFDG with PID 12364 (C:\Users\tj\albazone_spring\alba\build\classes\java\main started by tj in C:\Users\tj\albazone_spring\alba)
20:12:03.061 [main] INFO  AlbaApplication - No active profile set, falling back to 1 default profile: "default"
20:12:04.220 [main] INFO  AlbaApplication - Started AlbaApplication in 1.574 seconds (JVM running for 2.377)
20:12:08.657 [main] INFO  sqltiming - SELECT id, pw
        from tbl_user where id = '4' and pw = '4'
 {executed in 5 msec}
20:12:08.682 [main] INFO  sqltiming - SELECT id, pw
        from tbl_user where id = '4' and pw = '4'
 {executed in 4 msec}
20:12:08.687 [main] INFO  sqltiming - SELECT id, pw
        from tbl_user where id = '4' and pw = '4'
 {executed in 4 msec}
20:21:21.496 [main] INFO  sqltiming - SELECT id, pw
        from tbl_user where id = '4' and pw = '4'
 {executed in 4 msec}
20:21:21.502 [main] INFO  sqltiming - SELECT id, pw
        from tbl_user where id = '4' and pw = '4'
 {executed in 6 msec}
20:21:21.507 [main] INFO  sqltiming - SELECT id, pw
        from tbl_user where id = '4' and pw = '4'
 {executed in 4 msec}
20:56:49.127 [main] INFO  AlbaApplication - Starting AlbaApplication using Java 21.0.7 on DESKTOP-60CLFDG with PID 11472 (C:\Users\tj\albazone_spring\alba\build\classes\java\main started by tj in C:\Users\tj\albazone_spring\alba)
20:56:49.131 [main] INFO  AlbaApplication - No active profile set, falling back to 1 default profile: "default"
20:56:50.355 [main] INFO  AlbaApplication - Started AlbaApplication in 1.662 seconds (JVM running for 3.634)
20:56:54.631 [main] INFO  sqltiming - SELECT id, pw
        from tbl_user where id = '4' and pw = '4'
 {executed in 8 msec}
20:56:54.657 [main] INFO  sqltiming - SELECT id, pw
        from tbl_user where id = '4' and pw = '4'
 {executed in 4 msec}
20:56:54.663 [main] INFO  sqltiming - SELECT id, pw
        from tbl_user where id = '4' and pw = '4'
 {executed in 5 msec}
20:58:10.069 [main] INFO  AlbaApplication - Starting AlbaApplication using Java 21.0.7 on DESKTOP-60CLFDG with PID 15236 (C:\Users\tj\albazone_spring\alba\build\classes\java\main started by tj in C:\Users\tj\albazone_spring\alba)
20:58:10.072 [main] INFO  AlbaApplication - No active profile set, falling back to 1 default profile: "default"
20:58:11.306 [main] INFO  AlbaApplication - Started AlbaApplication in 1.821 seconds (JVM running for 3.569)
20:58:17.249 [main] INFO  sqltiming - SELECT id, pw
        from tbl_user where id = '4' and pw = '4'
 {executed in 6 msec}
20:58:17.273 [main] INFO  sqltiming - SELECT id, pw
        from tbl_user where id = '4' and pw = '4'
 {executed in 5 msec}
20:58:30.975 [main] INFO  AlbaApplication - Starting AlbaApplication using Java 21.0.7 on DESKTOP-60CLFDG with PID 10512 (C:\Users\tj\albazone_spring\alba\build\classes\java\main started by tj in C:\Users\tj\albazone_spring\alba)
20:58:30.977 [main] INFO  AlbaApplication - No active profile set, falling back to 1 default profile: "default"
20:58:32.160 [main] INFO  AlbaApplication - Started AlbaApplication in 1.66 seconds (JVM running for 2.589)
20:58:41.809 [main] INFO  sqltiming - SELECT id, pw
        from tbl_user where id = '4' and pw = '4'
 {executed in 5 msec}
20:58:41.831 [main] INFO  sqltiming - SELECT id, pw
        from tbl_user where id = '4' and pw = '4'
 {executed in 5 msec}
20:58:41.835 [main] INFO  sqltiming - SELECT id, pw
        from tbl_user where id = '4' and pw = '4'
 {executed in 4 msec}
21:01:02.718 [main] INFO  AlbaApplication - Starting AlbaApplication using Java 21.0.7 on DESKTOP-60CLFDG with PID 10872 (C:\Users\tj\albazone_spring\alba\build\classes\java\main started by tj in C:\Users\tj\albazone_spring\alba)
21:01:02.720 [main] INFO  AlbaApplication - No active profile set, falling back to 1 default profile: "default"
21:01:03.941 [main] INFO  AlbaApplication - Started AlbaApplication in 1.717 seconds (JVM running for 3.052)
21:01:15.081 [main] INFO  sqltiming - SELECT id, pw
        from tbl_user where id = '1' and pw = '1'
 {executed in 5 msec}
21:01:20.242 [main] INFO  AlbaApplication - Starting AlbaApplication using Java 21.0.7 on DESKTOP-60CLFDG with PID 8492 (C:\Users\tj\albazone_spring\alba\build\classes\java\main started by tj in C:\Users\tj\albazone_spring\alba)
21:01:20.244 [main] INFO  AlbaApplication - No active profile set, falling back to 1 default profile: "default"
21:01:21.473 [main] INFO  AlbaApplication - Started AlbaApplication in 1.65 seconds (JVM running for 2.513)
21:01:28.384 [main] INFO  sqltiming - SELECT id, pw
        from tbl_user where id = '3' and pw = '3'
 {executed in 5 msec}
21:01:28.410 [main] INFO  sqltiming - SELECT id, pw
        from tbl_user where id = '3' and pw = '3'
 {executed in 5 msec}
21:01:28.414 [main] INFO  sqltiming - SELECT id, pw
        from tbl_user where id = '3' and pw = '3'
 {executed in 4 msec}
21:01:33.353 [main] INFO  sqltiming - SELECT id, pw
        from tbl_user where id = '4' and pw = '4'
 {executed in 4 msec}
21:01:33.359 [main] INFO  sqltiming - SELECT id, pw
        from tbl_user where id = '4' and pw = '4'
 {executed in 5 msec}
21:01:33.364 [main] INFO  sqltiming - SELECT id, pw
        from tbl_user where id = '4' and pw = '4'
 {executed in 4 msec}
21:02:02.721 [main] INFO  AlbaApplication - Starting AlbaApplication using Java 21.0.7 on DESKTOP-60CLFDG with PID 12216 (C:\Users\tj\albazone_spring\alba\build\classes\java\main started by tj in C:\Users\tj\albazone_spring\alba)
21:02:02.724 [main] INFO  AlbaApplication - No active profile set, falling back to 1 default profile: "default"
21:02:04.020 [main] INFO  AlbaApplication - Started AlbaApplication in 1.71 seconds (JVM running for 2.676)
21:02:08.373 [main] INFO  sqltiming - SELECT id, pw
        from tbl_user where id = '4' and pw = '4'
 {executed in 4 msec}
21:02:08.396 [main] INFO  sqltiming - SELECT id, pw
        from tbl_user where id = '4' and pw = '4'
 {executed in 5 msec}
21:02:08.400 [main] INFO  sqltiming - SELECT id, pw
        from tbl_user where id = '4' and pw = '4'
 {executed in 4 msec}
21:02:25.777 [main] INFO  AlbaApplication - Starting AlbaApplication using Java 21.0.7 on DESKTOP-60CLFDG with PID 10912 (C:\Users\tj\albazone_spring\alba\build\classes\java\main started by tj in C:\Users\tj\albazone_spring\alba)
21:02:25.784 [main] INFO  AlbaApplication - No active profile set, falling back to 1 default profile: "default"
21:02:27.042 [main] INFO  AlbaApplication - Started AlbaApplication in 1.804 seconds (JVM running for 2.794)
21:02:30.620 [main] INFO  sqltiming - SELECT id, pw
        from tbl_user where id = '4' and pw = '4'
 {executed in 6 msec}
21:02:30.644 [main] INFO  sqltiming - SELECT id, pw
        from tbl_user where id = '4' and pw = '4'
 {executed in 5 msec}
21:02:30.650 [main] INFO  sqltiming - SELECT id, pw
        from tbl_user where id = '4' and pw = '4'
 {executed in 5 msec}
